Pre-calculating reference structures...
Reference Max Intensity (Uniform): 4.0529e-03
Compiling JIT simulator kernel...
Initial 95% Width (Baseline): 0.000964
Initial Peak:                 0.284567
Initial Score:                0.284567
Probing with baseline parameters:
  Ref FW95 (Target Width): 0.000964
Starting Bayesian Optimization...
|   iter    |  target   | target... | target... |
-------------------------------------------------

Setting up L-BFGS (Iterations: 150)...
Starting optimization scan...
   -> FW95: 0.000981 | Peak: 0.2858 | Score: 0.2910
| [39m1        [39m | [39m0.2909961[39m | [39m0.0009638[39m | [39m0.2845672[39m |

Setting up L-BFGS (Iterations: 150)...
Starting optimization scan...
   -> FW95: 0.000210 | Peak: 0.3109 | Score: 0.0678
| [39m2        [39m | [39m0.0678297[39m | [39m0.0017757[39m | [39m0.2940648[39m |

Setting up L-BFGS (Iterations: 150)...
Starting optimization scan...
   -> FW95: 0.001016 | Peak: 0.2116 | Score: 0.2231
| [39m3        [39m | [39m0.2230993[39m | [39m0.0009002[39m | [39m0.2104665[39m |

Setting up L-BFGS (Iterations: 150)...
Starting optimization scan...
   -> FW95: 0.001157 | Peak: 0.1718 | Score: 0.2062
| [39m4        [39m | [39m0.2062134[39m | [39m0.0012081[39m | [39m0.1684677[39m |

Setting up L-BFGS (Iterations: 150)...
Starting optimization scan...
   -> FW95: 0.001157 | Peak: 0.2255 | Score: 0.2706
| [39m5        [39m | [39m0.2706446[39m | [39m0.0012911[39m | [39m0.2191121[39m |

Setting up L-BFGS (Iterations: 150)...
Starting optimization scan...
   -> FW95: 0.000666 | Peak: 0.2739 | Score: 0.1892
| [39m6        [39m | [39m0.1892324[39m | [39m0.0017332[39m | [39m0.2577633[39m |

Setting up L-BFGS (Iterations: 150)...
Starting optimization scan...
   -> FW95: 0.000210 | Peak: 0.3079 | Score: 0.0672
| [39m7        [39m | [39m0.0671741[39m | [39m0.0017803[39m | [39m0.2870439[39m |

Setting up L-BFGS (Iterations: 150)...
Starting optimization scan...
   -> FW95: 0.000245 | Peak: 0.3300 | Score: 0.0840
| [39m8        [39m | [39m0.0839933[39m | [39m0.0013293[39m | [39m0.3256234[39m |

Setting up L-BFGS (Iterations: 150)...
Starting optimization scan...
   -> FW95: 0.000981 | Peak: 0.2854 | Score: 0.2906
| [39m9        [39m | [39m0.2905941[39m | [39m0.0009575[39m | [39m0.2840935[39m |

Setting up L-BFGS (Iterations: 150)...
Starting optimization scan...
   -> FW95: 0.000543 | Peak: 0.2801 | Score: 0.1579
| [39m10       [39m | [39m0.1578839[39m | [39m0.0017763[39m | [39m0.2617379[39m |

Setting up L-BFGS (Iterations: 150)...
Starting optimization scan...
   -> FW95: 0.001192 | Peak: 0.1921 | Score: 0.2375
| [39m11       [39m | [39m0.2374816[39m | [39m0.0011948[39m | [39m0.1896202[39m |

Setting up L-BFGS (Iterations: 150)...
Starting optimization scan...
   -> FW95: 0.000473 | Peak: 0.2924 | Score: 0.1436
| [39m12       [39m | [39m0.1435550[39m | [39m0.0025815[39m | [39m0.3436523[39m |

Setting up L-BFGS (Iterations: 150)...
Starting optimization scan...
   -> FW95: 0.000245 | Peak: 0.2982 | Score: 0.0759
| [39m13       [39m | [39m0.0758978[39m | [39m0.0015581[39m | [39m0.2884645[39m |

Setting up L-BFGS (Iterations: 150)...
Starting optimization scan...
   -> FW95: 0.000193 | Peak: 0.2875 | Score: 0.0575
| [39m14       [39m | [39m0.0575073[39m | [39m0.0027404[39m | [39m0.3289213[39m |

Setting up L-BFGS (Iterations: 150)...
Starting optimization scan...
   -> FW95: 0.001122 | Peak: 0.1592 | Score: 0.1853
| [39m15       [39m | [39m0.1853041[39m | [39m0.0010785[39m | [39m0.1578109[39m |

Setting up L-BFGS (Iterations: 150)...
Starting optimization scan...
   -> FW95: 0.000280 | Peak: 0.3441 | Score: 0.1001
| [39m16       [39m | [39m0.1001079[39m | [39m0.0012566[39m | [39m0.3256285[39m |

Setting up L-BFGS (Iterations: 150)...
Starting optimization scan...
   -> FW95: 0.000228 | Peak: 0.3001 | Score: 0.0709
| [39m17       [39m | [39m0.0709288[39m | [39m0.0016711[39m | [39m0.2843146[39m |

Setting up L-BFGS (Iterations: 150)...
Starting optimization scan...
   -> FW95: 0.001069 | Peak: 0.2261 | Score: 0.2508
| [39m18       [39m | [39m0.2507600[39m | [39m0.0017076[39m | [39m0.2192289[39m |

Setting up L-BFGS (Iterations: 150)...
Starting optimization scan...
   -> FW95: 0.001332 | Peak: 0.2242 | Score: 0.3098
| [35m19       [39m | [35m0.3097625[39m | [35m0.0015395[39m | [35m0.2186485[39m |

Setting up L-BFGS (Iterations: 150)...
Starting optimization scan...
   -> FW95: 0.001051 | Peak: 0.2203 | Score: 0.2404
| [39m20       [39m | [39m0.2403623[39m | [39m0.0010366[39m | [39m0.2184042[39m |

Setting up L-BFGS (Iterations: 150)...
Starting optimization scan...
   -> FW95: 0.000736 | Peak: 0.2293 | Score: 0.1751
| [39m21       [39m | [39m0.1751317[39m | [39m0.0020502[39m | [39m0.2183081[39m |

Setting up L-BFGS (Iterations: 150)...
Starting optimization scan...
   -> FW95: 0.000964 | Peak: 0.2865 | Score: 0.2865
| [39m22       [39m | [39m0.2865100[39m | [39m0.0009   [39m | [39m0.2851720[39m |

Setting up L-BFGS (Iterations: 150)...
Starting optimization scan...
   -> FW95: 0.000981 | Peak: 0.2847 | Score: 0.2899
| [39m23       [39m | [39m0.2898611[39m | [39m0.0009   [39m | [39m0.2834084[39m |

Setting up L-BFGS (Iterations: 150)...
Starting optimization scan...
   -> FW95: 0.000981 | Peak: 0.2838 | Score: 0.2890
| [39m24       [39m | [39m0.2889845[39m | [39m0.0009   [39m | [39m0.2826351[39m |

Setting up L-BFGS (Iterations: 150)...
Starting optimization scan...
   -> FW95: 0.000245 | Peak: 0.2962 | Score: 0.0754
| [39m25       [39m | [39m0.0754032[39m | [39m0.0016206[39m | [39m0.2826707[39m |

Setting up L-BFGS (Iterations: 150)...
Starting optimization scan...
   -> FW95: 0.001016 | Peak: 0.2831 | Score: 0.2986
| [39m26       [39m | [39m0.2985937[39m | [39m0.0009   [39m | [39m0.2819264[39m |

Setting up L-BFGS (Iterations: 150)...
Starting optimization scan...
   -> FW95: 0.001016 | Peak: 0.2824 | Score: 0.2978
| [39m27       [39m | [39m0.2977834[39m | [39m0.0009   [39m | [39m0.2812130[39m |

Setting up L-BFGS (Iterations: 150)...
Starting optimization scan...
   -> FW95: 0.000280 | Peak: 0.2951 | Score: 0.0858
| [39m28       [39m | [39m0.0858457[39m | [39m0.0016141[39m | [39m0.2809966[39m |

Setting up L-BFGS (Iterations: 150)...
Starting optimization scan...
   -> FW95: 0.000946 | Peak: 0.2875 | Score: 0.2823
| [39m29       [39m | [39m0.2822870[39m | [39m0.0009   [39m | [39m0.2858627[39m |

Setting up L-BFGS (Iterations: 150)...
Starting optimization scan...
   -> FW95: 0.000280 | Peak: 0.2931 | Score: 0.0853
| [39m30       [39m | [39m0.0852668[39m | [39m0.0014939[39m | [39m0.2856030[39m |

Setting up L-BFGS (Iterations: 150)...
Starting optimization scan...
   -> FW95: 0.001945 | Peak: 0.1938 | Score: 0.3911
| [35m31       [39m | [35m0.3910571[39m | [35m0.0020235[39m | [35m0.1894415[39m |

Setting up L-BFGS (Iterations: 150)...
Starting optimization scan...
   -> FW95: 0.002103 | Peak: 0.1930 | Score: 0.4211
| [35m32       [39m | [35m0.4210796[39m | [35m0.0022497[39m | [35m0.1898227[39m |

Setting up L-BFGS (Iterations: 150)...
Starting optimization scan...
   -> FW95: 0.002296 | Peak: 0.1880 | Score: 0.4478
| [35m33       [39m | [35m0.4477738[39m | [35m0.0026844[39m | [35m0.1894643[39m |

Setting up L-BFGS (Iterations: 150)...
Starting optimization scan...
   -> FW95: 0.000859 | Peak: 0.1910 | Score: 0.1702
| [39m34       [39m | [39m0.1701638[39m | [39m0.003    [39m | [39m0.1900945[39m |

Setting up L-BFGS (Iterations: 150)...
Starting optimization scan...
   -> FW95: 0.002348 | Peak: 0.1900 | Score: 0.4628
| [35m35       [39m | [35m0.4628158[39m | [35m0.0025485[39m | [35m0.1890108[39m |

Setting up L-BFGS (Iterations: 150)...
Starting optimization scan...
   -> FW95: 0.000876 | Peak: 0.1901 | Score: 0.1728
| [39m36       [39m | [39m0.1728010[39m | [39m0.003    [39m | [39m0.1888444[39m |

Setting up L-BFGS (Iterations: 150)...
Starting optimization scan...
   -> FW95: 0.002138 | Peak: 0.1916 | Score: 0.4250
| [39m37       [39m | [39m0.4249580[39m | [39m0.0023941[39m | [39m0.1893034[39m |

Setting up L-BFGS (Iterations: 150)...
Starting optimization scan...
   -> FW95: 0.002085 | Peak: 0.1919 | Score: 0.4153
| [39m38       [39m | [39m0.4152714[39m | [39m0.0022168[39m | [39m0.1888139[39m |

Setting up L-BFGS (Iterations: 150)...
Starting optimization scan...
   -> FW95: 0.001822 | Peak: 0.1936 | Score: 0.3661
| [39m39       [39m | [39m0.3661022[39m | [39m0.0018570[39m | [39m0.1900998[39m |

Setting up L-BFGS (Iterations: 150)...
Starting optimization scan...
   -> FW95: 0.002068 | Peak: 0.1914 | Score: 0.4106
| [39m40       [39m | [39m0.4105786[39m | [39m0.0021719[39m | [39m0.1882077[39m |

Setting up L-BFGS (Iterations: 150)...
Starting optimization scan...
   -> FW95: 0.001016 | Peak: 0.1952 | Score: 0.2059
| [39m41       [39m | [39m0.2058802[39m | [39m0.0016433[39m | [39m0.1883200[39m |

Setting up L-BFGS (Iterations: 150)...
Starting optimization scan...
   -> FW95: 0.002348 | Peak: 0.1893 | Score: 0.4612
| [39m42       [39m | [39m0.4611639[39m | [39m0.0024960[39m | [39m0.1878243[39m |

Setting up L-BFGS (Iterations: 150)...
Starting optimization scan...
   -> FW95: 0.002085 | Peak: 0.1906 | Score: 0.4123
| [39m43       [39m | [39m0.4123343[39m | [39m0.0021778[39m | [39m0.1874914[39m |

Setting up L-BFGS (Iterations: 150)...
Starting optimization scan...
   -> FW95: 0.001787 | Peak: 0.1875 | Score: 0.3476
| [39m44       [39m | [39m0.3476454[39m | [39m0.0027669[39m | [39m0.1873260[39m |

Setting up L-BFGS (Iterations: 150)...
Starting optimization scan...
   -> FW95: 0.002383 | Peak: 0.1887 | Score: 0.4666
| [35m45       [39m | [35m0.4666055[39m | [35m0.0025621[39m | [35m0.1882678[39m |

Setting up L-BFGS (Iterations: 150)...
Starting optimization scan...
   -> FW95: 0.001980 | Peak: 0.1892 | Score: 0.3888
| [39m46       [39m | [39m0.3887979[39m | [39m0.0019561[39m | [39m0.1867181[39m |

Setting up L-BFGS (Iterations: 150)...
Starting optimization scan...
   -> FW95: 0.001297 | Peak: 0.1895 | Score: 0.2549
| [39m47       [39m | [39m0.2549206[39m | [39m0.0013046[39m | [39m0.1869727[39m |

Setting up L-BFGS (Iterations: 150)...
Starting optimization scan...
   -> FW95: 0.002383 | Peak: 0.1882 | Score: 0.4654
| [39m48       [39m | [39m0.4654118[39m | [39m0.0025131[39m | [39m0.1862575[39m |

Setting up L-BFGS (Iterations: 150)...
Starting optimization scan...
   -> FW95: 0.002015 | Peak: 0.1893 | Score: 0.3958
| [39m49       [39m | [39m0.3957911[39m | [39m0.0020883[39m | [39m0.1858675[39m |

Setting up L-BFGS (Iterations: 150)...
Starting optimization scan...
   -> FW95: 0.001122 | Peak: 0.1871 | Score: 0.2177
| [39m50       [39m | [39m0.2177437[39m | [39m0.0029063[39m | [39m0.1857677[39m |

Setting up L-BFGS (Iterations: 150)...
Starting optimization scan...
   -> FW95: 0.002383 | Peak: 0.1879 | Score: 0.4647
| [39m51       [39m | [39m0.4647085[39m | [39m0.0025184[39m | [39m0.1866893[39m |

Setting up L-BFGS (Iterations: 150)...
Starting optimization scan...
   -> FW95: 0.001157 | Peak: 0.1894 | Score: 0.2273
| [39m52       [39m | [39m0.2272521[39m | [39m0.0012132[39m | [39m0.1855798[39m |

Setting up L-BFGS (Iterations: 150)...
Starting optimization scan...
   -> FW95: 0.002085 | Peak: 0.1896 | Score: 0.4101
| [39m53       [39m | [39m0.4101182[39m | [39m0.0021968[39m | [39m0.1863514[39m |

Setting up L-BFGS (Iterations: 150)...
Starting optimization scan...
   -> FW95: 0.000946 | Peak: 0.1894 | Score: 0.1860
| [39m54       [39m | [39m0.1859737[39m | [39m0.003    [39m | [39m0.1865677[39m |

Setting up L-BFGS (Iterations: 150)...
Starting optimization scan...
   -> FW95: 0.002155 | Peak: 0.1899 | Score: 0.4246
| [39m55       [39m | [39m0.4245883[39m | [39m0.0022979[39m | [39m0.1870141[39m |

Setting up L-BFGS (Iterations: 150)...
Starting optimization scan...
   -> FW95: 0.001244 | Peak: 0.1967 | Score: 0.2539
| [39m56       [39m | [39m0.2538922[39m | [39m0.0016196[39m | [39m0.1911487[39m |

Setting up L-BFGS (Iterations: 150)...
Starting optimization scan...
   -> FW95: 0.002033 | Peak: 0.1879 | Score: 0.3963
| [39m57       [39m | [39m0.3963449[39m | [39m0.0021190[39m | [39m0.1849535[39m |

Setting up L-BFGS (Iterations: 150)...
Starting optimization scan...
   -> FW95: 0.002068 | Peak: 0.1869 | Score: 0.4010
| [39m58       [39m | [39m0.4010072[39m | [39m0.0021078[39m | [39m0.1842209[39m |

Setting up L-BFGS (Iterations: 150)...
Starting optimization scan...
   -> FW95: 0.001945 | Peak: 0.1864 | Score: 0.3762
| [39m59       [39m | [39m0.3761686[39m | [39m0.0027356[39m | [39m0.1844389[39m |

Setting up L-BFGS (Iterations: 150)...
Starting optimization scan...
   -> FW95: 0.002453 | Peak: 0.1866 | Score: 0.4750
| [35m60       [39m | [35m0.4749660[39m | [35m0.0025784[39m | [35m0.1836023[39m |

Setting up L-BFGS (Iterations: 150)...
Starting optimization scan...
   -> FW95: 0.002050 | Peak: 0.1860 | Score: 0.3957
| [39m61       [39m | [39m0.3956529[39m | [39m0.0020632[39m | [39m0.1833355[39m |

Setting up L-BFGS (Iterations: 150)...
Starting optimization scan...
   -> FW95: 0.001192 | Peak: 0.1858 | Score: 0.2297
| [39m62       [39m | [39m0.2296890[39m | [39m0.0028900[39m | [39m0.1830834[39m |

Setting up L-BFGS (Iterations: 150)...
Starting optimization scan...
   -> FW95: 0.000981 | Peak: 0.1876 | Score: 0.1910
| [39m63       [39m | [39m0.1910347[39m | [39m0.003    [39m | [39m0.1838897[39m |

Setting up L-BFGS (Iterations: 150)...
Starting optimization scan...
   -> FW95: 0.002278 | Peak: 0.1855 | Score: 0.4385
| [39m64       [39m | [39m0.4384834[39m | [39m0.0022711[39m | [39m0.1837630[39m |

Setting up L-BFGS (Iterations: 150)...
Starting optimization scan...
   -> FW95: 0.001367 | Peak: 0.1872 | Score: 0.2654
| [39m65       [39m | [39m0.2654351[39m | [39m0.0013741[39m | [39m0.1843222[39m |

Setting up L-BFGS (Iterations: 150)...
Starting optimization scan...
   -> FW95: 0.001542 | Peak: 0.1841 | Score: 0.2946
| [39m66       [39m | [39m0.2945509[39m | [39m0.0014291[39m | [39m0.1826385[39m |

Setting up L-BFGS (Iterations: 150)...
Starting optimization scan...
   -> FW95: 0.001139 | Peak: 0.1815 | Score: 0.2145
| [39m67       [39m | [39m0.2145303[39m | [39m0.0009   [39m | [39m0.1812054[39m |

Setting up L-BFGS (Iterations: 150)...
Starting optimization scan...
   -> FW95: 0.000981 | Peak: 0.1895 | Score: 0.1929
| [39m68       [39m | [39m0.1929397[39m | [39m0.0029562[39m | [39m0.1879344[39m |

Setting up L-BFGS (Iterations: 150)...
Starting optimization scan...
   -> FW95: 0.002453 | Peak: 0.1871 | Score: 0.4762
| [35m69       [39m | [35m0.4762082[39m | [35m0.0026179[39m | [35m0.1849519[39m |

Setting up L-BFGS (Iterations: 150)...
Starting optimization scan...
   -> FW95: 0.002313 | Peak: 0.1873 | Score: 0.4495
| [39m70       [39m | [39m0.4495475[39m | [39m0.0023854[39m | [39m0.1853439[39m |

Setting up L-BFGS (Iterations: 150)...
Starting optimization scan...
   -> FW95: 0.000438 | Peak: 0.2366 | Score: 0.1075
| [39m71       [39m | [39m0.1075429[39m | [39m0.0025252[39m | [39m0.2402606[39m |

Setting up L-BFGS (Iterations: 150)...
Starting optimization scan...
   -> FW95: 0.000193 | Peak: 0.2791 | Score: 0.0558
| [39m72       [39m | [39m0.0558286[39m | [39m0.0027285[39m | [39m0.3164226[39m |

Setting up L-BFGS (Iterations: 150)...
Starting optimization scan...
   -> FW95: 0.000175 | Peak: 0.3240 | Score: 0.0589
| [39m73       [39m | [39m0.0589171[39m | [39m0.0020634[39m | [39m0.3038111[39m |

Setting up L-BFGS (Iterations: 150)...
Starting optimization scan...
   -> FW95: 0.000859 | Peak: 0.2146 | Score: 0.1911
| [39m74       [39m | [39m0.1911448[39m | [39m0.0026776[39m | [39m0.2293593[39m |

Setting up L-BFGS (Iterations: 150)...
Starting optimization scan...
   -> FW95: 0.001630 | Peak: 0.1932 | Score: 0.3266
| [39m75       [39m | [39m0.3266044[39m | [39m0.0027719[39m | [39m0.2012312[39m |

Setting up L-BFGS (Iterations: 150)...
Starting optimization scan...
   -> FW95: 0.000648 | Peak: 0.1947 | Score: 0.1310
| [39m76       [39m | [39m0.1309981[39m | [39m0.0029706[39m | [39m0.2002708[39m |

Setting up L-BFGS (Iterations: 150)...
Starting optimization scan...
   -> FW95: 0.001490 | Peak: 0.1978 | Score: 0.3057
| [39m77       [39m | [39m0.3056888[39m | [39m0.0025922[39m | [39m0.2020999[39m |

Setting up L-BFGS (Iterations: 150)...
Starting optimization scan...
   -> FW95: 0.001647 | Peak: 0.2061 | Score: 0.3523
| [39m78       [39m | [39m0.3522827[39m | [39m0.0018236[39m | [39m0.2014287[39m |

Setting up L-BFGS (Iterations: 150)...
Starting optimization scan...
   -> FW95: 0.000929 | Peak: 0.2095 | Score: 0.2018
| [39m79       [39m | [39m0.2018400[39m | [39m0.0014084[39m | [39m0.2021748[39m |

Setting up L-BFGS (Iterations: 150)...
Starting optimization scan...
   -> FW95: 0.000789 | Peak: 0.2096 | Score: 0.1715
| [39m80       [39m | [39m0.1715064[39m | [39m0.0013992[39m | [39m0.2007270[39m |

Setting up L-BFGS (Iterations: 150)...
Starting optimization scan...
   -> FW95: 0.000613 | Peak: 0.1968 | Score: 0.1252
| [39m81       [39m | [39m0.1252185[39m | [39m0.003    [39m | [39m0.2033381[39m |

Setting up L-BFGS (Iterations: 150)...
Starting optimization scan...
   -> FW95: 0.000526 | Peak: 0.2902 | Score: 0.1583
| [39m82       [39m | [39m0.1583153[39m | [39m0.0017573[39m | [39m0.2710678[39m |

Setting up L-BFGS (Iterations: 150)...
Starting optimization scan...
   -> FW95: 0.001086 | Peak: 0.2513 | Score: 0.2833
| [39m83       [39m | [39m0.2833180[39m | [39m0.0010716[39m | [39m0.2490610[39m |

Setting up L-BFGS (Iterations: 150)...
Starting optimization scan...
   -> FW95: 0.000386 | Peak: 0.2590 | Score: 0.1036
| [39m84       [39m | [39m0.1035910[39m | [39m0.0023603[39m | [39m0.2494410[39m |

Setting up L-BFGS (Iterations: 150)...
Starting optimization scan...
   -> FW95: 0.000964 | Peak: 0.1882 | Score: 0.1882
| [39m85       [39m | [39m0.1882445[39m | [39m0.003    [39m | [39m0.1849412[39m |

Setting up L-BFGS (Iterations: 150)...
Starting optimization scan...
   -> FW95: 0.002296 | Peak: 0.1867 | Score: 0.4446
| [39m86       [39m | [39m0.4445733[39m | [39m0.0024050[39m | [39m0.1846633[39m |

Setting up L-BFGS (Iterations: 150)...
Starting optimization scan...
   -> FW95: 0.001332 | Peak: 0.1862 | Score: 0.2573
| [39m87       [39m | [39m0.2572738[39m | [39m0.0013468[39m | [39m0.1834516[39m |

Setting up L-BFGS (Iterations: 150)...
Starting optimization scan...
   -> FW95: 0.001016 | Peak: 0.2490 | Score: 0.2626
| [39m88       [39m | [39m0.2626088[39m | [39m0.0009   [39m | [39m0.2478361[39m |

Setting up L-BFGS (Iterations: 150)...
Starting optimization scan...
   -> FW95: 0.002506 | Peak: 0.1547 | Score: 0.4022
| [39m89       [39m | [39m0.4021562[39m | [39m0.0029427[39m | [39m0.1500251[39m |

Setting up L-BFGS (Iterations: 150)...
Starting optimization scan...
   -> FW95: 0.000175 | Peak: 0.1697 | Score: 0.0309
| [39m90       [39m | [39m0.0308547[39m | [39m0.0025523[39m | [39m0.1504870[39m |

Setting up L-BFGS (Iterations: 150)...
Starting optimization scan...
   -> FW95: 0.002348 | Peak: 0.1854 | Score: 0.4518
| [39m91       [39m | [39m0.4518132[39m | [39m0.0024167[39m | [39m0.1833765[39m |

Setting up L-BFGS (Iterations: 150)...
Starting optimization scan...
   -> FW95: 0.000403 | Peak: 0.3575 | Score: 0.1495
| [39m92       [39m | [39m0.1494832[39m | [39m0.0010038[39m | [39m0.3363713[39m |

Setting up L-BFGS (Iterations: 150)...
Starting optimization scan...
   -> FW95: 0.001297 | Peak: 0.1820 | Score: 0.2448
| [39m93       [39m | [39m0.2448176[39m | [39m0.0028782[39m | [39m0.1748101[39m |

Setting up L-BFGS (Iterations: 150)...
Starting optimization scan...
   -> FW95: 0.002278 | Peak: 0.1900 | Score: 0.4490
| [39m94       [39m | [39m0.4490216[39m | [39m0.0024609[39m | [39m0.1885762[39m |

Setting up L-BFGS (Iterations: 150)...
Starting optimization scan...
   -> FW95: 0.000456 | Peak: 0.3686 | Score: 0.1742
| [39m95       [39m | [39m0.1742249[39m | [39m0.0009567[39m | [39m0.3499814[39m |

Setting up L-BFGS (Iterations: 150)...
Starting optimization scan...
   -> FW95: 0.000613 | Peak: 0.3193 | Score: 0.2032
| [39m96       [39m | [39m0.2032166[39m | [39m0.0009798[39m | [39m0.3101156[39m |

Setting up L-BFGS (Iterations: 150)...
Starting optimization scan...
   -> FW95: 0.001016 | Peak: 0.2358 | Score: 0.2487
| [39m97       [39m | [39m0.2486565[39m | [39m0.0009117[39m | [39m0.2347071[39m |

Setting up L-BFGS (Iterations: 150)...
Starting optimization scan...
   -> FW95: 0.001893 | Peak: 0.1685 | Score: 0.3308
| [39m98       [39m | [39m0.3308011[39m | [39m0.0028186[39m | [39m0.1630849[39m |

Setting up L-BFGS (Iterations: 150)...
Starting optimization scan...
   -> FW95: 0.002208 | Peak: 0.1642 | Score: 0.3763
| [39m99       [39m | [39m0.3762708[39m | [39m0.0019729[39m | [39m0.1631188[39m |

Setting up L-BFGS (Iterations: 150)...
Starting optimization scan...
   -> FW95: 0.002243 | Peak: 0.1661 | Score: 0.3865
| [39m100      [39m | [39m0.3864514[39m | [39m0.0022501[39m | [39m0.1637383[39m |

Setting up L-BFGS (Iterations: 150)...
Starting optimization scan...
   -> FW95: 0.001752 | Peak: 0.1643 | Score: 0.2987
| [39m101      [39m | [39m0.2986917[39m | [39m0.0015767[39m | [39m0.1637077[39m |

Setting up L-BFGS (Iterations: 150)...
Starting optimization scan...
   -> FW95: 0.001560 | Peak: 0.1706 | Score: 0.2760
| [39m102      [39m | [39m0.2760016[39m | [39m0.0029020[39m | [39m0.1639667[39m |

Setting up L-BFGS (Iterations: 150)...
Starting optimization scan...
   -> FW95: 0.002120 | Peak: 0.1651 | Score: 0.3633
| [39m103      [39m | [39m0.3633167[39m | [39m0.0022346[39m | [39m0.1624361[39m |

Setting up L-BFGS (Iterations: 150)...
Starting optimization scan...
   -> FW95: 0.002278 | Peak: 0.1655 | Score: 0.3913
| [39m104      [39m | [39m0.3912630[39m | [39m0.0014989[39m | [39m0.1625050[39m |

Setting up L-BFGS (Iterations: 150)...
Starting optimization scan...
   -> FW95: 0.001735 | Peak: 0.1633 | Score: 0.2939
| [39m105      [39m | [39m0.2939103[39m | [39m0.0016828[39m | [39m0.1618624[39m |

Setting up L-BFGS (Iterations: 150)...
Starting optimization scan...
   -> FW95: 0.001086 | Peak: 0.1633 | Score: 0.1841
| [39m106      [39m | [39m0.1840779[39m | [39m0.0009259[39m | [39m0.1628393[39m |

Setting up L-BFGS (Iterations: 150)...
Starting optimization scan...
   -> FW95: 0.002243 | Peak: 0.1652 | Score: 0.3845
| [39m107      [39m | [39m0.3845250[39m | [39m0.0020752[39m | [39m0.1644511[39m |

Setting up L-BFGS (Iterations: 150)...
Starting optimization scan...
   -> FW95: 0.001735 | Peak: 0.1662 | Score: 0.2992
| [39m108      [39m | [39m0.2992120[39m | [39m0.0016477[39m | [39m0.1649954[39m |

Setting up L-BFGS (Iterations: 150)...
Starting optimization scan...
   -> FW95: 0.002488 | Peak: 0.1684 | Score: 0.4347
| [39m109      [39m | [39m0.4347372[39m | [39m0.0025548[39m | [39m0.1649548[39m |

Setting up L-BFGS (Iterations: 150)...
Starting optimization scan...
   -> FW95: 0.002506 | Peak: 0.1699 | Score: 0.4416
| [39m110      [39m | [39m0.4416180[39m | [39m0.0026078[39m | [39m0.1655126[39m |

Setting up L-BFGS (Iterations: 150)...
Starting optimization scan...
   -> FW95: 0.001262 | Peak: 0.1723 | Score: 0.2256
| [39m111      [39m | [39m0.2255836[39m | [39m0.003    [39m | [39m0.1652303[39m |

Setting up L-BFGS (Iterations: 150)...
Starting optimization scan...
   -> FW95: 0.002331 | Peak: 0.1666 | Score: 0.4028
| [39m112      [39m | [39m0.4027632[39m | [39m0.0022139[39m | [39m0.1653559[39m |

Setting up L-BFGS (Iterations: 150)...
Starting optimization scan...
   -> FW95: 0.000175 | Peak: 0.1826 | Score: 0.0332
| [39m113      [39m | [39m0.0331950[39m | [39m0.0024175[39m | [39m0.1660026[39m |

Setting up L-BFGS (Iterations: 150)...
Starting optimization scan...
   -> FW95: 0.002278 | Peak: 0.1662 | Score: 0.3928
| [39m114      [39m | [39m0.3928041[39m | [39m0.0022098[39m | [39m0.1649132[39m |

Setting up L-BFGS (Iterations: 150)...
Starting optimization scan...
   -> FW95: 0.001314 | Peak: 0.1691 | Score: 0.2307
| [39m115      [39m | [39m0.2306570[39m | [39m0.0029746[39m | [39m0.1622453[39m |

Setting up L-BFGS (Iterations: 150)...
Starting optimization scan...
   -> FW95: 0.002471 | Peak: 0.1680 | Score: 0.4308
| [39m116      [39m | [39m0.4308091[39m | [39m0.0025351[39m | [39m0.1644860[39m |

Setting up L-BFGS (Iterations: 150)...
Starting optimization scan...
   -> FW95: 0.001051 | Peak: 0.2259 | Score: 0.2464
| [39m117      [39m | [39m0.2464162[39m | [39m0.0009851[39m | [39m0.2243454[39m |

Setting up L-BFGS (Iterations: 150)...
Starting optimization scan...
   -> FW95: 0.000491 | Peak: 0.2327 | Score: 0.1184
| [39m118      [39m | [39m0.1184411[39m | [39m0.0028803[39m | [39m0.2760296[39m |

Setting up L-BFGS (Iterations: 150)...
Starting optimization scan...
   -> FW95: 0.001034 | Peak: 0.1968 | Score: 0.2111
| [39m119      [39m | [39m0.2111357[39m | [39m0.0009346[39m | [39m0.1956793[39m |

Setting up L-BFGS (Iterations: 150)...
Starting optimization scan...
   -> FW95: 0.002313 | Peak: 0.1869 | Score: 0.4486
| [39m120      [39m | [39m0.4486312[39m | [39m0.0024152[39m | [39m0.1850413[39m |

Setting up L-BFGS (Iterations: 150)...
Starting optimization scan...
   -> FW95: 0.000841 | Peak: 0.3029 | Score: 0.2644
| [39m121      [39m | [39m0.2643616[39m | [39m0.0009010[39m | [39m0.2989791[39m |

Setting up L-BFGS (Iterations: 150)...
Starting optimization scan...
   -> FW95: 0.001928 | Peak: 0.1883 | Score: 0.3765
| [39m122      [39m | [39m0.3765329[39m | [39m0.0019763[39m | [39m0.1854159[39m |

Setting up L-BFGS (Iterations: 150)...
Starting optimization scan...
   -> FW95: 0.000508 | Peak: 0.2284 | Score: 0.1204
| [39m123      [39m | [39m0.1204064[39m | [39m0.0029608[39m | [39m0.2665620[39m |

Setting up L-BFGS (Iterations: 150)...
Starting optimization scan...
   -> FW95: 0.000491 | Peak: 0.3343 | Score: 0.1702
| [39m124      [39m | [39m0.1701806[39m | [39m0.0010008[39m | [39m0.3208703[39m |

Setting up L-BFGS (Iterations: 150)...
Starting optimization scan...
   -> FW95: 0.001034 | Peak: 0.2553 | Score: 0.2739
| [39m125      [39m | [39m0.2738921[39m | [39m0.0009343[39m | [39m0.2535374[39m |

Setting up L-BFGS (Iterations: 150)...
Starting optimization scan...
   -> FW95: 0.000596 | Peak: 0.2024 | Score: 0.1251
| [39m126      [39m | [39m0.1251268[39m | [39m0.003    [39m | [39m0.2140162[39m |

Setting up L-BFGS (Iterations: 150)...
Starting optimization scan...
   -> FW95: 0.000543 | Peak: 0.2269 | Score: 0.1279
| [39m127      [39m | [39m0.1279112[39m | [39m0.0027469[39m | [39m0.2537100[39m |

Setting up L-BFGS (Iterations: 150)...
Starting optimization scan...
   -> FW95: 0.000543 | Peak: 0.2180 | Score: 0.1229
| [39m128      [39m | [39m0.1228741[39m | [39m0.003    [39m | [39m0.2446509[39m |

Setting up L-BFGS (Iterations: 150)...
Starting optimization scan...
   -> FW95: 0.002453 | Peak: 0.1683 | Score: 0.4283
| [39m129      [39m | [39m0.4282824[39m | [39m0.0025033[39m | [39m0.1652647[39m |

Setting up L-BFGS (Iterations: 150)...
Starting optimization scan...
   -> FW95: 0.002278 | Peak: 0.1652 | Score: 0.3905
| [39m130      [39m | [39m0.3904509[39m | [39m0.0018586[39m | [39m0.1626731[39m |

Setting up L-BFGS (Iterations: 150)...
Starting optimization scan...
   -> FW95: 0.000613 | Peak: 0.1990 | Score: 0.1267
| [39m131      [39m | [39m0.1266645[39m | [39m0.003    [39m | [39m0.2073647[39m |

Setting up L-BFGS (Iterations: 150)...
Starting optimization scan...
   -> FW95: 0.000421 | Peak: 0.2569 | Score: 0.1121
| [39m132      [39m | [39m0.1120845[39m | [39m0.003    [39m | [39m0.3329940[39m |

Setting up L-BFGS (Iterations: 150)...
Starting optimization scan...
   -> FW95: 0.000421 | Peak: 0.2580 | Score: 0.1126
| [39m133      [39m | [39m0.1125747[39m | [39m0.003    [39m | [39m0.3397262[39m |

Setting up L-BFGS (Iterations: 150)...
Starting optimization scan...
   -> FW95: 0.001945 | Peak: 0.1595 | Score: 0.3218
| [39m134      [39m | [39m0.3218253[39m | [39m0.003    [39m | [39m0.1545556[39m |

Setting up L-BFGS (Iterations: 150)...
Starting optimization scan...
   -> FW95: 0.001612 | Peak: 0.1572 | Score: 0.2629
| [39m135      [39m | [39m0.2628918[39m | [39m0.0021634[39m | [39m0.1543594[39m |

Setting up L-BFGS (Iterations: 150)...
Starting optimization scan...
   -> FW95: 0.001787 | Peak: 0.1608 | Score: 0.2982
| [39m136      [39m | [39m0.2981709[39m | [39m0.003    [39m | [39m0.1554108[39m |

Setting up L-BFGS (Iterations: 150)...
Starting optimization scan...
   -> FW95: 0.002085 | Peak: 0.1585 | Score: 0.3429
| [39m137      [39m | [39m0.3429202[39m | [39m0.003    [39m | [39m0.1536457[39m |

Setting up L-BFGS (Iterations: 150)...
Starting optimization scan...
   -> FW95: 0.002506 | Peak: 0.1574 | Score: 0.4092
| [39m138      [39m | [39m0.4092379[39m | [39m0.003    [39m | [39m0.1528809[39m |

Setting up L-BFGS (Iterations: 150)...
Starting optimization scan...
   -> FW95: 0.002348 | Peak: 0.1558 | Score: 0.3797
| [39m139      [39m | [39m0.3796546[39m | [39m0.0024694[39m | [39m0.1530468[39m |

Setting up L-BFGS (Iterations: 150)...
Starting optimization scan...
   -> FW95: 0.000543 | Peak: 0.1599 | Score: 0.0901
| [39m140      [39m | [39m0.0901164[39m | [39m0.0026601[39m | [39m0.1524192[39m |

Setting up L-BFGS (Iterations: 150)...
Starting optimization scan...
   -> FW95: 0.002138 | Peak: 0.1583 | Score: 0.3511
| [39m141      [39m | [39m0.3510629[39m | [39m0.0028702[39m | [39m0.1532203[39m |

Setting up L-BFGS (Iterations: 150)...
Starting optimization scan...
   -> FW95: 0.002296 | Peak: 0.1545 | Score: 0.3681
| [39m142      [39m | [39m0.3680537[39m | [39m0.0019860[39m | [39m0.1533873[39m |

Setting up L-BFGS (Iterations: 150)...
Starting optimization scan...
   -> FW95: 0.001858 | Peak: 0.1533 | Score: 0.2955
| [39m143      [39m | [39m0.2955163[39m | [39m0.0014535[39m | [39m0.1529766[39m |

Setting up L-BFGS (Iterations: 150)...
Starting optimization scan...
   -> FW95: 0.001227 | Peak: 0.1581 | Score: 0.2012
| [39m144      [39m | [39m0.2012295[39m | [39m0.0013001[39m | [39m0.1538182[39m |

Setting up L-BFGS (Iterations: 150)...
Starting optimization scan...
   -> FW95: 0.000193 | Peak: 0.1722 | Score: 0.0344
| [39m145      [39m | [39m0.0344428[39m | [39m0.0024219[39m | [39m0.1536516[39m |

Setting up L-BFGS (Iterations: 150)...
Starting optimization scan...
   -> FW95: 0.002243 | Peak: 0.1536 | Score: 0.3575
| [39m146      [39m | [39m0.3575297[39m | [39m0.0020046[39m | [39m0.1529570[39m |

Setting up L-BFGS (Iterations: 150)...
Starting optimization scan...
   -> FW95: 0.002103 | Peak: 0.1910 | Score: 0.4166
| [39m147      [39m | [39m0.4166489[39m | [39m0.0022242[39m | [39m0.1878643[39m |

Setting up L-BFGS (Iterations: 150)...
Starting optimization scan...
   -> FW95: 0.002243 | Peak: 0.1859 | Score: 0.4326
| [39m148      [39m | [39m0.4326336[39m | [39m0.0024650[39m | [39m0.1840821[39m |

Setting up L-BFGS (Iterations: 150)...
Starting optimization scan...
   -> FW95: 0.002120 | Peak: 0.1851 | Score: 0.4072
| [39m149      [39m | [39m0.4072471[39m | [39m0.0021513[39m | [39m0.1827480[39m |

Setting up L-BFGS (Iterations: 150)...
Starting optimization scan...
   -> FW95: 0.002226 | Peak: 0.1840 | Score: 0.4248
| [39m150      [39m | [39m0.4247624[39m | [39m0.0021731[39m | [39m0.1821814[39m |

Setting up L-BFGS (Iterations: 150)...
Starting optimization scan...
   -> FW95: 0.002068 | Peak: 0.1866 | Score: 0.4004
| [39m151      [39m | [39m0.4003846[39m | [39m0.0026553[39m | [39m0.1820782[39m |

Setting up L-BFGS (Iterations: 150)...
Starting optimization scan...
   -> FW95: 0.002313 | Peak: 0.1831 | Score: 0.4394
| [39m152      [39m | [39m0.4394410[39m | [39m0.0022972[39m | [39m0.1816459[39m |

Setting up L-BFGS (Iterations: 150)...
Starting optimization scan...
   -> FW95: 0.001647 | Peak: 0.1855 | Score: 0.3171
| [39m153      [39m | [39m0.3170613[39m | [39m0.0027734[39m | [39m0.1814577[39m |

Setting up L-BFGS (Iterations: 150)...
Starting optimization scan...
   -> FW95: 0.001875 | Peak: 0.1836 | Score: 0.3572
| [39m154      [39m | [39m0.3572112[39m | [39m0.0018255[39m | [39m0.1817502[39m |

Setting up L-BFGS (Iterations: 150)...
Starting optimization scan...
   -> FW95: 0.002190 | Peak: 0.1829 | Score: 0.4156
| [39m155      [39m | [39m0.4156251[39m | [39m0.0021163[39m | [39m0.1811298[39m |

Setting up L-BFGS (Iterations: 150)...
Starting optimization scan...
   -> FW95: 0.002313 | Peak: 0.1820 | Score: 0.4367
| [39m156      [39m | [39m0.4366924[39m | [39m0.0022849[39m | [39m0.1805656[39m |

Setting up L-BFGS (Iterations: 150)...
Starting optimization scan...
   -> FW95: 0.001787 | Peak: 0.1832 | Score: 0.3397
| [39m157      [39m | [39m0.3396827[39m | [39m0.0018060[39m | [39m0.1805749[39m |

Setting up L-BFGS (Iterations: 150)...
Starting optimization scan...
   -> FW95: 0.001507 | Peak: 0.1862 | Score: 0.2912
| [39m158      [39m | [39m0.2911680[39m | [39m0.0027933[39m | [39m0.1805302[39m |

Setting up L-BFGS (Iterations: 150)...
Starting optimization scan...
   -> FW95: 0.002296 | Peak: 0.1811 | Score: 0.4314
| [39m159      [39m | [39m0.4313966[39m | [39m0.0022200[39m | [39m0.1800291[39m |

Setting up L-BFGS (Iterations: 150)...
Starting optimization scan...
   -> FW95: 0.001875 | Peak: 0.1819 | Score: 0.3538
| [39m160      [39m | [39m0.3537900[39m | [39m0.0018699[39m | [39m0.1795983[39m |

Setting up L-BFGS (Iterations: 150)...
Starting optimization scan...
   -> FW95: 0.002453 | Peak: 0.1839 | Score: 0.4681
| [39m161      [39m | [39m0.4681309[39m | [39m0.0025710[39m | [39m0.1795929[39m |

Setting up L-BFGS (Iterations: 150)...
Starting optimization scan...
   -> FW95: 0.002383 | Peak: 0.1811 | Score: 0.4479
| [39m162      [39m | [39m0.4479272[39m | [39m0.0024961[39m | [39m0.1791242[39m |

Setting up L-BFGS (Iterations: 150)...
Starting optimization scan...
   -> FW95: 0.001016 | Peak: 0.1848 | Score: 0.1948
| [39m163      [39m | [39m0.1948367[39m | [39m0.0029802[39m | [39m0.1792934[39m |

Setting up L-BFGS (Iterations: 150)...
Starting optimization scan...
   -> FW95: 0.002331 | Peak: 0.1808 | Score: 0.4371
| [39m164      [39m | [39m0.4371303[39m | [39m0.0022771[39m | [39m0.1794103[39m |

Setting up L-BFGS (Iterations: 150)...
Starting optimization scan...
   -> FW95: 0.002278 | Peak: 0.1806 | Score: 0.4270
| [39m165      [39m | [39m0.4269822[39m | [39m0.0021466[39m | [39m0.1787681[39m |

Setting up L-BFGS (Iterations: 150)...
Starting optimization scan...
   -> FW95: 0.002436 | Peak: 0.1809 | Score: 0.4573
| [39m166      [39m | [39m0.4572830[39m | [39m0.0025516[39m | [39m0.1784564[39m |

Setting up L-BFGS (Iterations: 150)...
Starting optimization scan...
   -> FW95: 0.002278 | Peak: 0.1796 | Score: 0.4245
| [39m167      [39m | [39m0.4245149[39m | [39m0.0021805[39m | [39m0.1781288[39m |

Setting up L-BFGS (Iterations: 150)...
Starting optimization scan...
   -> FW95: 0.001717 | Peak: 0.1841 | Score: 0.3280
| [39m168      [39m | [39m0.3279950[39m | [39m0.0027250[39m | [39m0.1779387[39m |

Setting up L-BFGS (Iterations: 150)...
Starting optimization scan...
   -> FW95: 0.001717 | Peak: 0.1795 | Score: 0.3198
| [39m169      [39m | [39m0.3198449[39m | [39m0.0016117[39m | [39m0.1783306[39m |

Setting up L-BFGS (Iterations: 150)...
Starting optimization scan...
   -> FW95: 0.001980 | Peak: 0.1793 | Score: 0.3683
| [39m170      [39m | [39m0.3683277[39m | [39m0.0019261[39m | [39m0.1775024[39m |

Setting up L-BFGS (Iterations: 150)...
Starting optimization scan...
   -> FW95: 0.001157 | Peak: 0.1816 | Score: 0.2179
| [39m171      [39m | [39m0.2178759[39m | [39m0.0012214[39m | [39m0.1772183[39m |

Setting up L-BFGS (Iterations: 150)...
Starting optimization scan...
   -> FW95: 0.002383 | Peak: 0.1788 | Score: 0.4422
| [39m172      [39m | [39m0.4421818[39m | [39m0.0024368[39m | [39m0.1769780[39m |

Setting up L-BFGS (Iterations: 150)...
Starting optimization scan...
   -> FW95: 0.002348 | Peak: 0.1781 | Score: 0.4340
| [39m173      [39m | [39m0.4340291[39m | [39m0.0023210[39m | [39m0.1764726[39m |

Setting up L-BFGS (Iterations: 150)...
Starting optimization scan...
   -> FW95: 0.001262 | Peak: 0.1842 | Score: 0.2412
| [39m174      [39m | [39m0.2411552[39m | [39m0.0028455[39m | [39m0.1766189[39m |

Setting up L-BFGS (Iterations: 150)...
Starting optimization scan...
   -> FW95: 0.002103 | Peak: 0.1780 | Score: 0.3884
| [39m175      [39m | [39m0.3883566[39m | [39m0.0020008[39m | [39m0.1768011[39m |

Setting up L-BFGS (Iterations: 150)...
Starting optimization scan...
   -> FW95: 0.002103 | Peak: 0.1773 | Score: 0.3868
| [39m176      [39m | [39m0.3867885[39m | [39m0.0019663[39m | [39m0.1760461[39m |

Setting up L-BFGS (Iterations: 150)...
Starting optimization scan...
   -> FW95: 0.002488 | Peak: 0.1849 | Score: 0.4774
| [35m177      [39m | [35m0.4773614[39m | [35m0.0026123[39m | [35m0.1799639[39m |

Setting up L-BFGS (Iterations: 150)...
Starting optimization scan...
   -> FW95: 0.002401 | Peak: 0.1798 | Score: 0.4479
| [39m178      [39m | [39m0.4478525[39m | [39m0.0024155[39m | [39m0.1774060[39m |

Setting up L-BFGS (Iterations: 150)...
Starting optimization scan...
   -> FW95: 0.001507 | Peak: 0.1766 | Score: 0.2762
| [39m179      [39m | [39m0.2761814[39m | [39m0.0013182[39m | [39m0.1755604[39m |

Setting up L-BFGS (Iterations: 150)...
Starting optimization scan...
   -> FW95: 0.002436 | Peak: 0.1796 | Score: 0.4539
| [39m180      [39m | [39m0.4538940[39m | [39m0.0024886[39m | [39m0.1758212[39m |

Setting up L-BFGS (Iterations: 150)...
Starting optimization scan...
   -> FW95: 0.002296 | Peak: 0.1769 | Score: 0.4214
| [39m181      [39m | [39m0.4213930[39m | [39m0.0022070[39m | [39m0.1754308[39m |

Setting up L-BFGS (Iterations: 150)...
Starting optimization scan...
   -> FW95: 0.001051 | Peak: 0.1824 | Score: 0.1989
| [39m182      [39m | [39m0.1989448[39m | [39m0.0029513[39m | [39m0.1756260[39m |

Setting up L-BFGS (Iterations: 150)...
Starting optimization scan...
   -> FW95: 0.001963 | Peak: 0.1763 | Score: 0.3590
| [39m183      [39m | [39m0.3590376[39m | [39m0.0018508[39m | [39m0.1747541[39m |

Setting up L-BFGS (Iterations: 150)...
Starting optimization scan...
   -> FW95: 0.001752 | Peak: 0.1745 | Score: 0.3174
| [39m184      [39m | [39m0.3173630[39m | [39m0.0014651[39m | [39m0.1740158[39m |

Setting up L-BFGS (Iterations: 150)...
Starting optimization scan...
   -> FW95: 0.002348 | Peak: 0.1752 | Score: 0.4268
| [39m185      [39m | [39m0.4267624[39m | [39m0.0023114[39m | [39m0.1733850[39m |

Setting up L-BFGS (Iterations: 150)...
Starting optimization scan...
   -> FW95: 0.000263 | Peak: 0.2419 | Score: 0.0660
| [39m186      [39m | [39m0.0659686[39m | [39m0.0019481[39m | [39m0.1729536[39m |

Setting up L-BFGS (Iterations: 150)...
Starting optimization scan...
   -> FW95: 0.002488 | Peak: 0.1781 | Score: 0.4599
| [39m187      [39m | [39m0.4599136[39m | [39m0.0025894[39m | [39m0.1737551[39m |

Setting up L-BFGS (Iterations: 150)...
Starting optimization scan...
   -> FW95: 0.001314 | Peak: 0.1815 | Score: 0.2475
| [39m188      [39m | [39m0.2475257[39m | [39m0.0028406[39m | [39m0.1733530[39m |

Setting up L-BFGS (Iterations: 150)...
Starting optimization scan...
   -> FW95: 0.002313 | Peak: 0.1750 | Score: 0.4200
| [39m189      [39m | [39m0.4200131[39m | [39m0.0021873[39m | [39m0.1738728[39m |

Setting up L-BFGS (Iterations: 150)...
Starting optimization scan...
   -> FW95: 0.001875 | Peak: 0.1569 | Score: 0.3053
| [39m190      [39m | [39m0.3052770[39m | [39m0.0017816[39m | [39m0.1555205[39m |

Setting up L-BFGS (Iterations: 150)...
Starting optimization scan...
   -> FW95: 0.002453 | Peak: 0.1779 | Score: 0.4527
| [39m191      [39m | [39m0.4527102[39m | [39m0.0025525[39m | [39m0.1741808[39m |

Setting up L-BFGS (Iterations: 150)...
Starting optimization scan...
   -> FW95: 0.001069 | Peak: 0.1809 | Score: 0.2006
| [39m192      [39m | [39m0.2005896[39m | [39m0.003    [39m | [39m0.1740718[39m |

Setting up L-BFGS (Iterations: 150)...
Starting optimization scan...
   -> FW95: 0.002313 | Peak: 0.1757 | Score: 0.4217
| [39m193      [39m | [39m0.4217197[39m | [39m0.0022368[39m | [39m0.1744044[39m |

Setting up L-BFGS (Iterations: 150)...
Starting optimization scan...
   -> FW95: 0.000421 | Peak: 0.2462 | Score: 0.1074
| [39m194      [39m | [39m0.1074226[39m | [39m0.003    [39m | [39m0.3073576[39m |

Setting up L-BFGS (Iterations: 150)...
Starting optimization scan...
   -> FW95: 0.000403 | Peak: 0.2606 | Score: 0.1090
| [39m195      [39m | [39m0.1089977[39m | [39m0.003    [39m | [39m0.3471860[39m |

Setting up L-BFGS (Iterations: 150)...
Starting optimization scan...
   -> FW95: 0.000421 | Peak: 0.2492 | Score: 0.1088
| [39m196      [39m | [39m0.1087540[39m | [39m0.003    [39m | [39m0.3128042[39m |

Setting up L-BFGS (Iterations: 150)...
Starting optimization scan...
   -> FW95: 0.000543 | Peak: 0.2142 | Score: 0.1207
| [39m197      [39m | [39m0.1207250[39m | [39m0.003    [39m | [39m0.2368801[39m |

Setting up L-BFGS (Iterations: 150)...
Starting optimization scan...
   -> FW95: 0.000578 | Peak: 0.2066 | Score: 0.1240
| [39m198      [39m | [39m0.1239610[39m | [39m0.003    [39m | [39m0.2220738[39m |

Setting up L-BFGS (Iterations: 150)...
Starting optimization scan...
   -> FW95: 0.000578 | Peak: 0.2117 | Score: 0.1270
| [39m199      [39m | [39m0.1270189[39m | [39m0.003    [39m | [39m0.2325897[39m |

Setting up L-BFGS (Iterations: 150)...
Starting optimization scan...
   -> FW95: 0.000456 | Peak: 0.2419 | Score: 0.1144
| [39m200      [39m | [39m0.1143502[39m | [39m0.003    [39m | [39m0.2971824[39m |

Setting up L-BFGS (Iterations: 150)...
Starting optimization scan...
   -> FW95: 0.000561 | Peak: 0.2087 | Score: 0.1214
| [39m201      [39m | [39m0.1214462[39m | [39m0.003    [39m | [39m0.2262956[39m |

Setting up L-BFGS (Iterations: 150)...
Starting optimization scan...
   -> FW95: 0.001122 | Peak: 0.1796 | Score: 0.2090
| [39m202      [39m | [39m0.2089867[39m | [39m0.0009   [39m | [39m0.1792462[39m |

Setting up L-BFGS (Iterations: 150)...
Starting optimization scan...
   -> FW95: 0.000175 | Peak: 0.1794 | Score: 0.0326
| [39m203      [39m | [39m0.0326240[39m | [39m0.0025070[39m | [39m0.1565308[39m |

Setting up L-BFGS (Iterations: 150)...
Starting optimization scan...
   -> FW95: 0.000456 | Peak: 0.2433 | Score: 0.1150
| [39m204      [39m | [39m0.1150356[39m | [39m0.003    [39m | [39m0.3006775[39m |

Setting up L-BFGS (Iterations: 150)...
Starting optimization scan...
   -> FW95: 0.000754 | Peak: 0.1927 | Score: 0.1506
| [39m205      [39m | [39m0.1506318[39m | [39m0.003    [39m | [39m0.1936246[39m |

Setting up L-BFGS (Iterations: 150)...
Starting optimization scan...
   -> FW95: 0.000456 | Peak: 0.2398 | Score: 0.1133
| [39m206      [39m | [39m0.1133490[39m | [39m0.003    [39m | [39m0.2912005[39m |

Setting up L-BFGS (Iterations: 150)...
Starting optimization scan...
   -> FW95: 0.000403 | Peak: 0.2530 | Score: 0.1058
| [39m207      [39m | [39m0.1057989[39m | [39m0.003    [39m | [39m0.3229789[39m |

Setting up L-BFGS (Iterations: 150)...
Starting optimization scan...
   -> FW95: 0.001051 | Peak: 0.2752 | Score: 0.3002
| [39m208      [39m | [39m0.3002210[39m | [39m0.0009   [39m | [39m0.2738673[39m |

Setting up L-BFGS (Iterations: 150)...
Starting optimization scan...
   -> FW95: 0.000386 | Peak: 0.2958 | Score: 0.1183
| [39m209      [39m | [39m0.1183170[39m | [39m0.0020726[39m | [39m0.2735687[39m |

Setting up L-BFGS (Iterations: 150)...
Starting optimization scan...
   -> FW95: 0.001122 | Peak: 0.2689 | Score: 0.3129
| [39m210      [39m | [39m0.3128679[39m | [39m0.0009   [39m | [39m0.2645163[39m |

Setting up L-BFGS (Iterations: 150)...
Starting optimization scan...
   -> FW95: 0.000491 | Peak: 0.2854 | Score: 0.1453
| [39m211      [39m | [39m0.1452853[39m | [39m0.0019061[39m | [39m0.2642276[39m |

Setting up L-BFGS (Iterations: 150)...
Starting optimization scan...
   -> FW95: 0.001034 | Peak: 0.2666 | Score: 0.2860
| [39m212      [39m | [39m0.2860364[39m | [39m0.0009   [39m | [39m0.2655531[39m |

Setting up L-BFGS (Iterations: 150)...
Starting optimization scan...
   -> FW95: 0.001051 | Peak: 0.2763 | Score: 0.3014
| [39m213      [39m | [39m0.3014300[39m | [39m0.0009   [39m | [39m0.2750563[39m |

Setting up L-BFGS (Iterations: 150)...
Starting optimization scan...
   -> FW95: 0.001016 | Peak: 0.2794 | Score: 0.2946
| [39m214      [39m | [39m0.2945958[39m | [39m0.0009   [39m | [39m0.2781098[39m |

Setting up L-BFGS (Iterations: 150)...
Starting optimization scan...
   -> FW95: 0.001016 | Peak: 0.2774 | Score: 0.2925
| [39m215      [39m | [39m0.2925285[39m | [39m0.0009   [39m | [39m0.2762672[39m |

Setting up L-BFGS (Iterations: 150)...
Starting optimization scan...
   -> FW95: 0.000368 | Peak: 0.2979 | Score: 0.1138
| [39m216      [39m | [39m0.1137529[39m | [39m0.0021337[39m | [39m0.2784528[39m |
=================================================

Best Result:
{'target': np.float64(0.47736144824461507), 'params': {'target_width': np.float64(0.00261236704015242), 'target_intensity': np.float64(0.17996396557674327)}}

Setting up L-BFGS (Iterations: 150)...
Starting optimization scan...
   -> FW95: 0.002488 | Peak: 0.1849 | Score: 0.4774
----------------------------------------
Final Width: 0.002488 (Ratio: 2.58)
Final Peak:  0.184894
Final Score: 0.477361
----------------------------------------
Saved plots.
