Pre-calculating reference structures...
Reference Max Intensity: 4.0020e-03
Starting Bayesian Optimization...
|   iter    |  target   | target... | target... | target... |
-------------------------------------------------------------

Setting up L-BFGS (Iterations: 300)...
Starting optimization scan...
| [39m1        [39m | [39m0.0003684[39m | [39m1.9444340[39m | [39m1.9463406[39m | [39m0.2000114[39m |

Setting up L-BFGS (Iterations: 300)...
Starting optimization scan...
| [39m2        [39m | [39m0.0002265[39m | [39m1.9442046[39m | [39m1.9451935[39m | [39m0.2092338[39m |

Setting up L-BFGS (Iterations: 300)...
Starting optimization scan...
| [39m3        [39m | [39m0.0003518[39m | [39m1.9439725[39m | [39m1.9455911[39m | [39m0.2396767[39m |

Setting up L-BFGS (Iterations: 300)...
Starting optimization scan...
| [39m4        [39m | [39m0.0003001[39m | [39m1.9446776[39m | [39m1.9457383[39m | [39m0.2685219[39m |

Setting up L-BFGS (Iterations: 300)...
Starting optimization scan...
| [35m5        [39m | [35m0.0004729[39m | [35m1.9440089[39m | [35m1.9466562[39m | [35m0.2027387[39m |

Setting up L-BFGS (Iterations: 300)...
Starting optimization scan...
| [39m6        [39m | [39m6.673e-05[39m | [39m1.9449409[39m | [39m1.9457346[39m | [39m0.2558689[39m |

Setting up L-BFGS (Iterations: 300)...
Starting optimization scan...
| [39m7        [39m | [39m0.0003435[39m | [39m1.9438807[39m | [39m1.9452962[39m | [39m0.2800744[39m |
| [39m8        [39m | [39m-1.0     [39m | [39m1.9455365[39m | [39m1.9455268[39m | [39m0.2692322[39m |

Setting up L-BFGS (Iterations: 300)...
Starting optimization scan...
| [39m9        [39m | [39m0.0002647[39m | [39m1.9453527[39m | [39m1.9466892[39m | [39m0.2085044[39m |

Setting up L-BFGS (Iterations: 300)...
Starting optimization scan...
| [39m10       [39m | [39m6.951e-05[39m | [39m1.9436781[39m | [39m1.9452396[39m | [39m0.2878142[39m |

Setting up L-BFGS (Iterations: 300)...
Starting optimization scan...
| [39m11       [39m | [39m0.0003723[39m | [39m1.9444151[39m | [39m1.9463483[39m | [39m0.2000136[39m |

Setting up L-BFGS (Iterations: 300)...
Starting optimization scan...
| [39m12       [39m | [39m0.0004100[39m | [39m1.9439641[39m | [39m1.9459141[39m | [39m0.2679318[39m |

Setting up L-BFGS (Iterations: 300)...
Starting optimization scan...
| [39m13       [39m | [39m0.0004649[39m | [39m1.9437222[39m | [39m1.9463545[39m | [39m0.2689311[39m |

Setting up L-BFGS (Iterations: 300)...
Starting optimization scan...
| [39m14       [39m | [39m5.116e-05[39m | [39m1.9445263[39m | [39m1.9468982[39m | [39m0.2680949[39m |

Setting up L-BFGS (Iterations: 300)...
Starting optimization scan...
| [39m15       [39m | [39m0.0003850[39m | [39m1.9448703[39m | [39m1.9455089[39m | [39m0.2081261[39m |

Setting up L-BFGS (Iterations: 300)...
Starting optimization scan...
| [39m16       [39m | [39m0.0004023[39m | [39m1.9440429[39m | [39m1.9464165[39m | [39m0.2086850[39m |

Setting up L-BFGS (Iterations: 300)...
Starting optimization scan...
| [39m17       [39m | [39m3.920e-05[39m | [39m1.9451112[39m | [39m1.9460448[39m | [39m0.2096044[39m |

Setting up L-BFGS (Iterations: 300)...
Starting optimization scan...
| [39m18       [39m | [39m0.0004188[39m | [39m1.9437971[39m | [39m1.9462721[39m | [39m0.2100757[39m |

Setting up L-BFGS (Iterations: 300)...
Starting optimization scan...
| [39m19       [39m | [39m0.0002861[39m | [39m1.9449590[39m | [39m1.9459234[39m | [39m0.2671708[39m |

Setting up L-BFGS (Iterations: 300)...
Starting optimization scan...
| [39m20       [39m | [39m4.020e-05[39m | [39m1.9445364[39m | [39m1.9451944[39m | [39m0.2106510[39m |
| [39m21       [39m | [39m-1.0     [39m | [39m1.9456   [39m | [39m1.9449   [39m | [39m0.2091597[39m |

Setting up L-BFGS (Iterations: 300)...
Starting optimization scan...
| [39m22       [39m | [39m0.0003778[39m | [39m1.9446413[39m | [39m1.9468999[39m | [39m0.2095394[39m |

Setting up L-BFGS (Iterations: 300)...
Starting optimization scan...
| [39m23       [39m | [39m0.0003060[39m | [39m1.9448729[39m | [39m1.9464074[39m | [39m0.2106836[39m |

Setting up L-BFGS (Iterations: 300)...
Starting optimization scan...
| [39m24       [39m | [39m0.0003355[39m | [39m1.9436880[39m | [39m1.9453475[39m | [39m0.2080924[39m |

Setting up L-BFGS (Iterations: 300)...
Starting optimization scan...
| [39m25       [39m | [39m0.0003570[39m | [39m1.9445053[39m | [39m1.9463070[39m | [39m0.2074076[39m |

Setting up L-BFGS (Iterations: 300)...
Starting optimization scan...
| [39m26       [39m | [39m3.950e-05[39m | [39m1.9444676[39m | [39m1.9450661[39m | [39m0.2069727[39m |

Setting up L-BFGS (Iterations: 300)...
Starting optimization scan...
| [39m27       [39m | [39m0.0002018[39m | [39m1.9437343[39m | [39m1.9458484[39m | [39m0.2114746[39m |

Setting up L-BFGS (Iterations: 300)...
Starting optimization scan...
| [39m28       [39m | [39m0.0003726[39m | [39m1.9444907[39m | [39m1.9463929[39m | [39m0.2014303[39m |

Setting up L-BFGS (Iterations: 300)...
Starting optimization scan...
| [39m29       [39m | [39m0.0001972[39m | [39m1.9449919[39m | [39m1.9455506[39m | [39m0.2119415[39m |

Setting up L-BFGS (Iterations: 300)...
Starting optimization scan...
| [39m30       [39m | [39m0.0004072[39m | [39m1.9444993[39m | [39m1.9468797[39m | [39m0.2120801[39m |

Setting up L-BFGS (Iterations: 300)...
Starting optimization scan...
| [39m31       [39m | [39m0.0003573[39m | [39m1.9439889[39m | [39m1.9458509[39m | [39m0.2129033[39m |

Setting up L-BFGS (Iterations: 300)...
Starting optimization scan...
| [39m32       [39m | [39m0.0002423[39m | [39m1.9453043[39m | [39m1.9463353[39m | [39m0.2131179[39m |
| [39m33       [39m | [39m-1.0     [39m | [39m1.9450239[39m | [39m1.9449402[39m | [39m0.2132685[39m |

Setting up L-BFGS (Iterations: 300)...
Starting optimization scan...
| [39m34       [39m | [39m0.0002318[39m | [39m1.9456   [39m | [39m1.9465825[39m | [39m0.2119122[39m |

Setting up L-BFGS (Iterations: 300)...
Starting optimization scan...
| [39m35       [39m | [39m0.0003963[39m | [39m1.9441537[39m | [39m1.9468999[39m | [39m0.2133526[39m |

Setting up L-BFGS (Iterations: 300)...
Starting optimization scan...
| [39m36       [39m | [39m0.0003713[39m | [39m1.9436000[39m | [39m1.9455119[39m | [39m0.2020151[39m |

Setting up L-BFGS (Iterations: 300)...
Starting optimization scan...
| [39m37       [39m | [39m0.0002290[39m | [39m1.9440949[39m | [39m1.9452074[39m | [39m0.2007328[39m |

Setting up L-BFGS (Iterations: 300)...
Starting optimization scan...
| [35m38       [39m | [35m0.0005683[39m | [35m1.9449154[39m | [35m1.9455088[39m | [35m0.2024223[39m |
| [39m39       [39m | [39m-1.0     [39m | [39m1.9454468[39m | [39m1.9453924[39m | [39m0.2010760[39m |

Setting up L-BFGS (Iterations: 300)...
Starting optimization scan...
| [39m40       [39m | [39m0.0002643[39m | [39m1.9441351[39m | [39m1.9454909[39m | [39m0.2032222[39m |

Setting up L-BFGS (Iterations: 300)...
Starting optimization scan...
| [39m41       [39m | [39m0.0004704[39m | [39m1.9436000[39m | [39m1.9462042[39m | [39m0.2009963[39m |

Setting up L-BFGS (Iterations: 300)...
Starting optimization scan...
| [39m42       [39m | [39m0.0002359[39m | [39m1.9451686[39m | [39m1.9462947[39m | [39m0.2033359[39m |
| [39m43       [39m | [39m-1.0     [39m | [39m1.9453190[39m | [39m1.9449586[39m | [39m0.2035612[39m |

Setting up L-BFGS (Iterations: 300)...
Starting optimization scan...
| [39m44       [39m | [39m0.0003610[39m | [39m1.9450686[39m | [39m1.9468709[39m | [39m0.2024431[39m |

Setting up L-BFGS (Iterations: 300)...
Starting optimization scan...
| [39m45       [39m | [39m0.0004510[39m | [39m1.9443405[39m | [39m1.9468999[39m | [39m0.2039084[39m |

Setting up L-BFGS (Iterations: 300)...
Starting optimization scan...
| [39m46       [39m | [39m0.0002676[39m | [39m1.9436000[39m | [39m1.9449744[39m | [39m0.2101547[39m |

Setting up L-BFGS (Iterations: 300)...
Starting optimization scan...
| [39m47       [39m | [39m4.112e-05[39m | [39m1.9456   [39m | [39m1.9458625[39m | [39m0.2069714[39m |

Setting up L-BFGS (Iterations: 300)...
Starting optimization scan...
| [39m48       [39m | [39m0.0003009[39m | [39m1.9445964[39m | [39m1.9461474[39m | [39m0.2060400[39m |

Setting up L-BFGS (Iterations: 300)...
Starting optimization scan...
| [39m49       [39m | [39m0.0003368[39m | [39m1.9436000[39m | [39m1.9449816[39m | [39m0.2686548[39m |

Setting up L-BFGS (Iterations: 300)...
Starting optimization scan...
| [39m50       [39m | [39m8.232e-05[39m | [39m1.9444136[39m | [39m1.9449   [39m | [39m0.2675755[39m |

Setting up L-BFGS (Iterations: 300)...
Starting optimization scan...
| [39m51       [39m | [39m0.0003187[39m | [39m1.9436000[39m | [39m1.9466573[39m | [39m0.2051549[39m |

Setting up L-BFGS (Iterations: 300)...
Starting optimization scan...
| [39m52       [39m | [39m0.0003273[39m | [39m1.9436000[39m | [39m1.9468999[39m | [39m0.2065007[39m |

Setting up L-BFGS (Iterations: 300)...
Starting optimization scan...
| [39m53       [39m | [39m0.0003563[39m | [39m1.9436000[39m | [39m1.9455044[39m | [39m0.2060910[39m |

Setting up L-BFGS (Iterations: 300)...
Starting optimization scan...
| [39m54       [39m | [39m0.0003529[39m | [39m1.9451374[39m | [39m1.9468999[39m | [39m0.2050572[39m |

Setting up L-BFGS (Iterations: 300)...
Starting optimization scan...
| [39m55       [39m | [39m0.0003515[39m | [39m1.9439584[39m | [39m1.9453953[39m | [39m0.2662725[39m |

Setting up L-BFGS (Iterations: 300)...
Starting optimization scan...
| [39m56       [39m | [39m0.0004734[39m | [39m1.9440383[39m | [39m1.9468171[39m | [39m0.2665936[39m |

Setting up L-BFGS (Iterations: 300)...
Starting optimization scan...
| [39m57       [39m | [39m0.0003197[39m | [39m1.9449560[39m | [39m1.9462112[39m | [39m0.2657251[39m |
| [39m58       [39m | [39m-1.0     [39m | [39m1.9452392[39m | [39m1.9449   [39m | [39m0.2661953[39m |

Setting up L-BFGS (Iterations: 300)...
Starting optimization scan...
| [39m59       [39m | [39m5.687e-05[39m | [39m1.9437436[39m | [39m1.9463100[39m | [39m0.2654846[39m |

Setting up L-BFGS (Iterations: 300)...
Starting optimization scan...
| [39m60       [39m | [39m0.0003707[39m | [39m1.9452920[39m | [39m1.9468999[39m | [39m0.2666861[39m |

Setting up L-BFGS (Iterations: 300)...
Starting optimization scan...
| [39m61       [39m | [39m0.0004269[39m | [39m1.9447671[39m | [39m1.9468999[39m | [39m0.2648160[39m |

Setting up L-BFGS (Iterations: 300)...
Starting optimization scan...
| [39m62       [39m | [39m0.0002492[39m | [39m1.9436000[39m | [39m1.9449   [39m | [39m0.2      [39m |

Setting up L-BFGS (Iterations: 300)...
Starting optimization scan...
| [39m63       [39m | [39m0.0004348[39m | [39m1.9438877[39m | [39m1.9460978[39m | [39m0.2640020[39m |

Setting up L-BFGS (Iterations: 300)...
Starting optimization scan...
| [39m64       [39m | [39m0.0003293[39m | [39m1.9451354[39m | [39m1.9464347[39m | [39m0.2634725[39m |

Setting up L-BFGS (Iterations: 300)...
Starting optimization scan...
| [39m65       [39m | [39m0.0004351[39m | [39m1.9439803[39m | [39m1.9468999[39m | [39m0.2628948[39m |

Setting up L-BFGS (Iterations: 300)...
Starting optimization scan...
| [39m66       [39m | [39m0.0003193[39m | [39m1.9443059[39m | [39m1.9455681[39m | [39m0.2627528[39m |

Setting up L-BFGS (Iterations: 300)...
Starting optimization scan...
| [39m67       [39m | [39m0.0003551[39m | [39m1.9450463[39m | [39m1.9465327[39m | [39m0.2620554[39m |

Setting up L-BFGS (Iterations: 300)...
Starting optimization scan...
| [39m68       [39m | [39m5.196e-05[39m | [39m1.9437231[39m | [39m1.9462473[39m | [39m0.2616562[39m |

Setting up L-BFGS (Iterations: 300)...
Starting optimization scan...
| [39m69       [39m | [39m0.0002565[39m | [39m1.9447498[39m | [39m1.9453110[39m | [39m0.2614015[39m |
| [39m70       [39m | [39m-1.0     [39m | [39m1.9456   [39m | [39m1.9453379[39m | [39m0.2625345[39m |

Setting up L-BFGS (Iterations: 300)...
Starting optimization scan...
| [39m71       [39m | [39m0.0003830[39m | [39m1.9446677[39m | [39m1.9463953[39m | [39m0.2608700[39m |

Setting up L-BFGS (Iterations: 300)...
Starting optimization scan...
| [39m72       [39m | [39m0.0002030[39m | [39m1.9438608[39m | [39m1.9453122[39m | [39m0.2607054[39m |

Setting up L-BFGS (Iterations: 300)...
Starting optimization scan...
| [39m73       [39m | [39m0.0003427[39m | [39m1.9436000[39m | [39m1.9450209[39m | [39m0.2619518[39m |

Setting up L-BFGS (Iterations: 300)...
Starting optimization scan...
| [39m74       [39m | [39m7.092e-05[39m | [39m1.9450313[39m | [39m1.9452558[39m | [39m0.2601395[39m |

Setting up L-BFGS (Iterations: 300)...
Starting optimization scan...
| [39m75       [39m | [39m0.0004084[39m | [39m1.9441314[39m | [39m1.9461327[39m | [39m0.2595592[39m |

Setting up L-BFGS (Iterations: 300)...
Starting optimization scan...
| [39m76       [39m | [39m0.0003323[39m | [39m1.9436000[39m | [39m1.9449444[39m | [39m0.2634045[39m |

Setting up L-BFGS (Iterations: 300)...
Starting optimization scan...
| [39m77       [39m | [39m0.0002861[39m | [39m1.9454553[39m | [39m1.9464976[39m | [39m0.2596169[39m |

Setting up L-BFGS (Iterations: 300)...
Starting optimization scan...
| [39m78       [39m | [39m0.0002317[39m | [39m1.9450491[39m | [39m1.9455323[39m | [39m0.2587212[39m |

Setting up L-BFGS (Iterations: 300)...
Starting optimization scan...
| [39m79       [39m | [39m0.0002281[39m | [39m1.9439519[39m | [39m1.9449   [39m | [39m0.2592393[39m |

Setting up L-BFGS (Iterations: 300)...
Starting optimization scan...
| [39m80       [39m | [39m0.0004072[39m | [39m1.9438169[39m | [39m1.9458359[39m | [39m0.2581783[39m |

Setting up L-BFGS (Iterations: 300)...
Starting optimization scan...
| [39m81       [39m | [39m0.0004197[39m | [39m1.9447181[39m | [39m1.9468585[39m | [39m0.2584670[39m |

Setting up L-BFGS (Iterations: 300)...
Starting optimization scan...
| [39m82       [39m | [39m0.0002896[39m | [39m1.9449167[39m | [39m1.9459961[39m | [39m0.2572977[39m |

Setting up L-BFGS (Iterations: 300)...
Starting optimization scan...
| [39m83       [39m | [39m0.0002721[39m | [39m1.9440801[39m | [39m1.9450308[39m | [39m0.2568878[39m |

Setting up L-BFGS (Iterations: 300)...
Starting optimization scan...
| [39m84       [39m | [39m5.895e-05[39m | [39m1.9437990[39m | [39m1.9463502[39m | [39m0.2566475[39m |

Setting up L-BFGS (Iterations: 300)...
Starting optimization scan...
| [39m85       [39m | [39m0.0003852[39m | [39m1.9436112[39m | [39m1.9454127[39m | [39m0.2556101[39m |

Setting up L-BFGS (Iterations: 300)...
Starting optimization scan...
| [39m86       [39m | [39m0.0004742[39m | [39m1.9441046[39m | [39m1.9466973[39m | [39m0.2552993[39m |

Setting up L-BFGS (Iterations: 300)...
Starting optimization scan...
| [39m87       [39m | [39m0.0003913[39m | [39m1.9450541[39m | [39m1.9468999[39m | [39m0.2563333[39m |

Setting up L-BFGS (Iterations: 300)...
Starting optimization scan...
| [39m88       [39m | [39m0.0002894[39m | [39m1.9444926[39m | [39m1.9455919[39m | [39m0.2544898[39m |

Setting up L-BFGS (Iterations: 300)...
Starting optimization scan...
| [39m89       [39m | [39m0.0002571[39m | [39m1.9454424[39m | [39m1.9466352[39m | [39m0.2548897[39m |

Setting up L-BFGS (Iterations: 300)...
Starting optimization scan...
| [39m90       [39m | [39m4.942e-05[39m | [39m1.9444522[39m | [39m1.9468823[39m | [39m0.2538938[39m |

Setting up L-BFGS (Iterations: 300)...
Starting optimization scan...
| [39m91       [39m | [39m6.121e-05[39m | [39m1.9455342[39m | [39m1.9460201[39m | [39m0.2535975[39m |

Setting up L-BFGS (Iterations: 300)...
Starting optimization scan...
| [39m92       [39m | [39m0.0003478[39m | [39m1.9442442[39m | [39m1.9457459[39m | [39m0.2530680[39m |

Setting up L-BFGS (Iterations: 300)...
Starting optimization scan...
| [39m93       [39m | [39m0.0003855[39m | [39m1.9449992[39m | [39m1.9468305[39m | [39m0.2525635[39m |

Setting up L-BFGS (Iterations: 300)...
Starting optimization scan...
| [39m94       [39m | [39m6.188e-05[39m | [39m1.9453828[39m | [39m1.9455050[39m | [39m0.2522582[39m |

Setting up L-BFGS (Iterations: 300)...
Starting optimization scan...
| [39m95       [39m | [39m0.0003851[39m | [39m1.9442233[39m | [39m1.9460572[39m | [39m0.2516633[39m |

Setting up L-BFGS (Iterations: 300)...
Starting optimization scan...
| [39m96       [39m | [39m0.0003984[39m | [39m1.9436000[39m | [39m1.9468999[39m | [39m0.2526447[39m |

Setting up L-BFGS (Iterations: 300)...
Starting optimization scan...
| [39m97       [39m | [39m0.0002700[39m | [39m1.9455127[39m | [39m1.9465033[39m | [39m0.2512425[39m |

Setting up L-BFGS (Iterations: 300)...
Starting optimization scan...
| [39m98       [39m | [39m5.858e-05[39m | [39m1.9450839[39m | [39m1.9452066[39m | [39m0.2508780[39m |

Setting up L-BFGS (Iterations: 300)...
Starting optimization scan...
| [39m99       [39m | [39m0.0003850[39m | [39m1.9444956[39m | [39m1.9463496[39m | [39m0.2502690[39m |

Setting up L-BFGS (Iterations: 300)...
Starting optimization scan...
| [39m100      [39m | [39m0.0003464[39m | [39m1.9436900[39m | [39m1.9452222[39m | [39m0.2505874[39m |

Setting up L-BFGS (Iterations: 300)...
Starting optimization scan...
| [39m101      [39m | [39m5.734e-05[39m | [39m1.9446134[39m | [39m1.9451540[39m | [39m0.2495204[39m |

Setting up L-BFGS (Iterations: 300)...
Starting optimization scan...
| [39m102      [39m | [39m0.0002590[39m | [39m1.9440587[39m | [39m1.9449   [39m | [39m0.2519732[39m |

Setting up L-BFGS (Iterations: 300)...
Starting optimization scan...
| [39m103      [39m | [39m6.130e-05[39m | [39m1.9456   [39m | [39m1.9460129[39m | [39m0.2497551[39m |

Setting up L-BFGS (Iterations: 300)...
Starting optimization scan...
| [39m104      [39m | [39m0.0003817[39m | [39m1.9445679[39m | [39m1.9463956[39m | [39m0.2488111[39m |
| [39m105      [39m | [39m-1.0     [39m | [39m1.9455317[39m | [39m1.9454303[39m | [39m0.2484220[39m |

Setting up L-BFGS (Iterations: 300)...
Starting optimization scan...
| [39m106      [39m | [39m4.952e-05[39m | [39m1.9436000[39m | [39m1.9459800[39m | [39m0.2493847[39m |
| [39m107      [39m | [39m-1.0     [39m | [39m1.9456   [39m | [39m1.9449   [39m | [39m0.2569282[39m |

Setting up L-BFGS (Iterations: 300)...
Starting optimization scan...
| [39m108      [39m | [39m0.0003927[39m | [39m1.9436000[39m | [39m1.9468999[39m | [39m0.2483986[39m |

Setting up L-BFGS (Iterations: 300)...
Starting optimization scan...
| [39m109      [39m | [39m5.713e-05[39m | [39m1.9443660[39m | [39m1.9468999[39m | [39m0.2574149[39m |

Setting up L-BFGS (Iterations: 300)...
Starting optimization scan...
| [39m110      [39m | [39m0.0002867[39m | [39m1.9441323[39m | [39m1.9453646[39m | [39m0.2382716[39m |
=============================================================

Best Result:
{'target': np.float64(0.0005683728677652054), 'params': {'target_min': np.float64(1.944915463236794), 'target_max': np.float64(1.945508804190594), 'target_intensity': np.float64(0.20242239897758954)}}
